   Compiling Kyoka v0.1.0 (/home/brsy/code/Kyoka)
warning: unused variable: `cc`
  --> src/main.rs:16:12
   |
16 |     fn new(cc: &eframe::CreationContext<'_>) -> Self {
   |            ^^ help: if this is intentional, prefix it with an underscore: `_cc`
   |
   = note: `#[warn(unused_variables)]` on by default

warning: unused variable: `frame`
  --> src/main.rs:22:47
   |
22 |     fn update(&mut self, ctx: &egui::Context, frame: &mut eframe::Frame) {
   |                                               ^^^^^ help: if this is intentional, prefix it with an underscore: `_frame`

warning: unused `Result` that must be used
 --> src/main.rs:5:5
  |
5 | /     eframe::run_native(
6 | |         "Kyoka",
7 | |         native_options,
8 | |         Box::new(|cc| Ok(Box::new(MyEguiApp::new(cc)))),
9 | |     );
  | |_____^
  |
  = note: this `Result` may be an `Err` variant, which should be handled
  = note: `#[warn(unused_must_use)]` on by default
help: use `let _ = ...` to ignore the resulting value
  |
5 |     let _ = eframe::run_native(
  |     +++++++

error: linking with `cc` failed: exit status: 1
  |
  = note: LC_ALL="C" PATH="/home/brsy/.rustup/toolchains/stable-x86_64-unknown-linux-gnu/lib/rustlib/x86_64-unknown-linux-gnu/bin:/home/brsy/.pyenv/shims:/home/brsy/.pyenv/bin:/home/brsy/go/bin:/home/brsy/.bun/bin:/home/brsy/.cargo/bin:/usr/local/sbin:/usr/local/bin:/usr/bin:/usr/lib/jvm/default/bin:/usr/bin/site_perl:/usr/bin/vendor_perl:/usr/bin/core_perl" VSLANG="1033" "cc" "-m64" "/tmp/rustcnxu5hc/symbols.o" "<39 object files omitted>" "-Wl,--as-needed" "-Wl,-Bstatic" "/home/brsy/code/Kyoka/target/debug/deps/{libeframe-92c635f5dea50588.rlib,libglutin_winit-37ebb9805854a369.rlib,libglutin-8fac56c3193e40be.rlib,libglutin_glx_sys-4b588593ae69af67.rlib,libglutin_egl_sys-2f9e59da0e651ecb.rlib,libegui_winit-76a71a26a0639d8e.rlib,libwebbrowser-4eff0d3cef994f3b.rlib,liburl-e822aa4ae256709c.rlib,libidna-a6405886090ab67c.rlib,libidna_adapter-fb9fd36d7dd19501.rlib,libicu_normalizer-b779aa118832b731.rlib,libicu_normalizer_data-729ae4148e78accc.rlib,libwrite16-edeec6a08b208195.rlib,libutf8_iter-eb03aaaceae2709d.rlib,libutf16_iter-7c2cdfbeea5e7669.rlib,libicu_properties-602d529f861626a2.rlib,libicu_properties_data-0569f7b1f3389afa.rlib,libicu_locid_transform-23edbd2ab881bea0.rlib,libicu_locid_transform_data-9b0d7f5aed5c7161.rlib,libicu_collections-106f908d0590e6ec.rlib,libicu_provider-edd5cd2c5d2c3cc2.rlib,libicu_locid-9f540317ccb183b9.rlib,liblitemap-18b71cb052ac39ab.rlib,libtinystr-bdcb62580a8ba6ce.rlib,libzerovec-651477d9dcf9b90b.rlib,libwriteable-93c14d9f9cbb15c3.rlib,libyoke-ba0a978d716503f0.rlib,libzerofrom-056cc8b49ec7d851.rlib,libstable_deref_trait-beb5ac64ccc29d63.rlib,libform_urlencoded-8a1cf1337fa49780.rlib,libhome-4b3ba96c7f8d5285.rlib,libsmithay_clipboard-c6ba8458afcb29d0.rlib,libarboard-522ba0f236e042e4.rlib,libimage-1d43e57d39de49af.rlib,libbyteorder_lite-36f653bfffd20111.rlib,libpng-b47b6f3fc1f5fba1.rlib,libbitflags-e152060071c060be.rlib,libflate2-209ec7c249538315.rlib,libminiz_oxide-f94d576229eda775.rlib,libfdeflate-e743d8334d3ddc1b.rlib,libsimd_adler32-8a193b4b17cab913.rlib,libcrc32fast-de85b64e797b8c39.rlib,libnum_traits-7946ad157bc289b2.rlib,libaccesskit_winit-af9263edf6bc6d1c.rlib,libaccesskit_unix-26f0104361ccc793.rlib,libatspi-f81cdec313fffe4d.rlib,libatspi_connection-bfadb5da6985526e.rlib,libatspi_proxies-3b21f70fb500c538.rlib,libaccesskit_atspi_common-3504118da8d390cf.rlib,libatspi_common-498b2cd7ac720aa0.rlib,libzbus-14ed29d83c783863.rlib,libasync_fs-f8a3ee90e811a174.rlib,libblocking-a78d919ff2a238d3.rlib,libpiper-2c9ef4d5d809130f.rlib,libatomic_waker-2d05a4aba4c5d2eb.rlib,libasync_channel-63c3b7235110636f.rlib,libhex-a16933418a580c56.rlib,libasync_executor-ad257af3627ee400.rlib,libasync_task-09e0a0d35ab8cdb8.rlib,librand-aec3c38abeedd185.rlib,librand_chacha-144801d68334b8d0.rlib,libppv_lite86-bc93a9e3bf69019c.rlib,libzerocopy-08bb76e20d55dc39.rlib,librand_core-964427a1605cba1d.rlib,libxdg_home-108a534371d26af5.rlib,libsha1-b8ac185f317eaab0.rlib,libcpufeatures-c5315fd48b6a61a0.rlib,libdigest-947652ecc0e13876.rlib,libblock_buffer-72c242851d12fe39.rlib,libcrypto_common-394bada77984bdac.rlib,libgeneric_array-781388f79f650ff6.rlib,libtypenum-b62d9afe79012b3d.rlib,libfutures_util-b7af2db153b935ee.rlib,libmemchr-479ca8d06c6f0b25.rlib,libfutures_sink-da90e2bb5263e327.rlib,libfutures_task-62519486be913b3d.rlib,libpin_utils-fbf08aba62cc52ed.rlib,libordered_stream-d6cbb7781ca71aed.rlib,libasync_broadcast-a3d9806e6ed1b7e6.rlib,libnix-4a2cff0adb794f12.rlib,libasync_io-e6d899c71359e459.rlib,libslab-68e8d85cfaf8e98f.rlib,libconcurrent_queue-1e40e53b7eaa10eb.rlib,libcrossbeam_utils-6fa6dafbbcd3027a.rlib,libasync_lock-40b5c7e465cc6c24.rlib,libevent_listener_strategy-6796b0bea3df63c1.rlib,libevent_listener-098eb6e05622188d.rlib,libfutures_lite-ad05bea385b6da27.rlib,libfutures_core-e45200caaa0cc6bf.rlib,libparking-ff617e4ca95385b9.rlib,libfastrand-09daa0433f0797e1.rlib,libfutures_io-6132218aeddc4500.rlib,libzbus_names-b94da0f23751b1e8.rlib,libaccesskit_consumer-f00cf1ed68b0f1ef.rlib,libimmutable_chunkmap-d8207e80e9f0347b.rlib,libhashbrown-6a87609bd9ba84b0.rlib,libfoldhash-06da0bd5454cd6d9.rlib,libzvariant-c992a6836f38755b.rlib,libenumflags2-c9c11830c22ccbc1.rlib,libendi-00deddf5d3d68284.rlib,libserde-4c878f1f553b0010.rlib,libweb_time-d5c2ffc994f76605.rlib,libwinit-697ce247cda0fdc6.rlib,libsctk_adwaita-ef853930362f027f.rlib,libtiny_skia-57569e8e9081c965.rlib,libarrayvec-f6213747055b1a30.rlib,libtiny_skia_path-a461e6a7a751e047.rlib,libstrict_num-e2d9b76e9c50fc94.rlib,libarrayref-cc061374446660fa.rlib,libpercent_encoding-31e92eb8afdb6ca8.rlib,libx11rb-56970cf39ea27502.rlib,libas_raw_xcb_connection-ccc1c95f78d9ac05.rlib,libx11rb_protocol-f89055ac609afcb0.rlib,libwayland_protocols_plasma-7384d74368419868.rlib,libsmithay_client_toolkit-8451332683ffa3b5.rlib,libwayland_cursor-9fd94768fb99ecf3.rlib,libxcursor-68e45ad1e68819f1.rlib,libwayland_protocols_wlr-86e530b3dfb11d02.rlib,libwayland_protocols-98c803d2b5dc2154.rlib,libwayland_csd_frame-c543ee7a7a964811.rlib,libcalloop_wayland_source-d44d53c6d5e9758e.rlib,libwayland_client-138a1202f3d70ed2.rlib,libwayland_backend-dd18ae2ddc94826c.rlib,libdowncast_rs-e221cfa016050fc4.rlib,libscoped_tls-44692b26abe5e10a.rlib,libwayland_sys-6a7bb410dfb44e4c.rlib,libcalloop-ceccf5bb9156700e.rlib,libthiserror-20372c5a13bca995.rlib,libpolling-dcd3c816cb1599d0.rlib,librustix-6c428b7cd304ab08.rlib,liblinux_raw_sys-c0a8b420957f7fa5.rlib,libmemmap2-49309d7a3aed184e.rlib,libx11_dl-49143282b3f9202b.rlib,libxkbcommon_dl-b9806e1d45024e95.rlib,libxkeysym-abf46c073105e349.rlib,libdlib-4f75fee06a34dc39.rlib,liblibloading-c6a29a7023eb61ea.rlib,libtracing-8a1a61997e9b54fe.rlib,libpin_project_lite-9572ccfb3206baef.rlib,libtracing_core-3b4aa95557ea752f.rlib,libsmol_str-72cdf1ed3b8e37e8.rlib,libcursor_icon-1a1e5fd1cd883932.rlib,libdpi-1d6104b2097e5a54.rlib,libstatic_assertions-82267f989f74c886.rlib,libraw_window_handle-6675c63a095c3bfe.rlib,libegui_glow-6edd0eea9bc731ea.rlib,libmemoffset-3c7743d1cda8290d.rlib,libglow-a66d2536e6a31d1e.rlib,libegui-1829db9e18b2fbf4.rlib,libbitflags-4aac85a0daa5e569.rlib,libaccesskit-b9342ad7d5f3595b.rlib,libepaint-f8f70cc2d8b16d94.rlib,libnohash_hasher-b435dbcd23af72ba.rlib,liblog-174b5571c71f1fc2.rlib,libprofiling-2d32dbbdce851396.rlib,libahash-85b555e5d36d6cba.rlib,libgetrandom-b89707e42e016e66.rlib,libonce_cell-c5907018867e842e.rlib,libzerocopy-5ee8e51085c0009b.rlib,libepaint_default_fonts-f58a80d9858f540b.rlib,libab_glyph-68e591c535c20bf1.rlib,libowned_ttf_parser-dcbe12b25eb38f77.rlib,libttf_parser-5446ba7e35d8dcfd.rlib,libab_glyph_rasterizer-eed6cadab7ae1feb.rlib,libparking_lot-5f2fe2153293c24a.rlib,libparking_lot_core-16040c724e879024.rlib,liblibc-1d1d37e152c64a40.rlib,libcfg_if-3367ff2a1db122d2.rlib,libsmallvec-bf97c08a28a36146.rlib,liblock_api-67787a935258620b.rlib,libscopeguard-c57f744e832c0c13.rlib,libecolor-c35c671cd0b6a2c0.rlib,libemath-3bd67d902155af59.rlib,libbytemuck-864c83a3fddebc88.rlib}" "/home/brsy/.rustup/toolchains/stable-x86_64-unknown-linux-gnu/lib/rustlib/x86_64-unknown-linux-gnu/lib/{libstd-6273572f18644c87.rlib,libpanic_unwind-267e668abf74a283.rlib,libobject-ec6154ccae37a33e.rlib,libmemchr-500edd5521c440d4.rlib,libaddr2line-86d8d9428792e8ef.rlib,libgimli-10f06487503767c2.rlib,librustc_demangle-6a38424de1e5bca5.rlib,libstd_detect-de9763ea1c19dca3.rlib,libhashbrown-a7f5bb2f736d3c49.rlib,librustc_std_workspace_alloc-7e368919bdc4a44c.rlib,libminiz_oxide-376454d49910c786.rlib,libadler-fa99f5692b5dce85.rlib,libunwind-91cafdaf16f7fe40.rlib,libcfg_if-f7ee3f1ea78d9dae.rlib,liblibc-d3a35665f881365a.rlib,liballoc-715bc629a88bca60.rlib,librustc_std_workspace_core-ae70165d1278cff7.rlib,libcore-406129d0e3fbc101.rlib,libcompiler_builtins-1af05515ab19524a.rlib}" "-Wl,-Bdynamic" "-ldl" "-ldl" "-lgcc_s" "-lutil" "-lrt" "-lpthread" "-lm" "-ldl" "-lc" "-Wl,--eh-frame-hdr" "-Wl,-z,noexecstack" "-L" "/home/brsy/.rustup/toolchains/stable-x86_64-unknown-linux-gnu/lib/rustlib/x86_64-unknown-linux-gnu/lib" "-o" "/home/brsy/code/Kyoka/target/debug/deps/Kyoka-a435488532e527cd" "-Wl,--gc-sections" "-pie" "-Wl,-z,relro,-z,now" "-nodefaultlibs"
  = note: some arguments are omitted. use `--verbose` to show all linker arguments
  = note: /usr/bin/ld: error: /home/brsy/code/Kyoka/target/debug/deps/libzbus-14ed29d83c783863.rlib: file too short
          collect2: error: ld returned 1 exit status
          

warning: `Kyoka` (bin "Kyoka") generated 3 warnings
error: could not compile `Kyoka` (bin "Kyoka") due to 1 previous error; 3 warnings emitted
